-------------------------------------------------------------------------------
Test set: TestSuite
-------------------------------------------------------------------------------
Tests run: 9, Failures: 5, Errors: 0, Skipped: 0, Time elapsed: 217.335 s <<< FAILURE! - in TestSuite
tests.login.FacebookLoginTest.testLoginWithValidEmailAndInValidPassword  Time elapsed: 30.703 s  <<< FAILURE!
org.openqa.selenium.TimeoutException: Expected condition failed: waiting for presence of element located by: By.xpath: //*[contains(text(),"The email address you entered isn't connected to an account. ")] (tried for 30 second(s) with 500 milliseconds interval)
	at tests.login.FacebookLoginTest.testLoginWithValidEmailAndInValidPassword(FacebookLoginTest.java:41)
Caused by: org.openqa.selenium.NoSuchElementException: 
no such element: Unable to locate element: {"method":"xpath","selector":"//*[contains(text(),"The email address you entered isn't connected to an account. ")]"}
  (Session info: chrome=104.0.5112.79)
For documentation on this error, please visit: https://www.selenium.dev/documentation/webdriver/troubleshooting/errors#no-such-element-exception
Build info: version: '4.11.0', revision: '040bc5406b'
System info: os.name: 'Linux', os.arch: 'amd64', os.version: '5.19.0-38-generic', java.version: '11.0.18'
Driver info: org.openqa.selenium.chrome.ChromeDriver
Command: [50054cf5117ebe92b0a1bc5c81e200b4, findElement {using=xpath, value=//*[contains(text(),"The email address you entered isn't connected to an account. ")]}]
Capabilities {acceptInsecureCerts: false, browserName: chrome, browserVersion: 104.0.5112.79, chrome: {chromedriverVersion: 104.0.5112.79 (3cf3e8c8a07d..., userDataDir: /tmp/.com.google.Chrome.nWt60L}, goog:chromeOptions: {debuggerAddress: localhost:40295}, networkConnectionEnabled: false, pageLoadStrategy: normal, platformName: linux, proxy: Proxy(), se:cdp: ws://localhost:40295/devtoo..., se:cdpVersion: 104.0.5112.79, setWindowRect: true, strictFileInteractability: false, timeouts: {implicit: 0, pageLoad: 300000, script: 30000}, unhandledPromptBehavior: dismiss and notify, webauthn:extension:credBlob: true, webauthn:extension:largeBlob: true, webauthn:virtualAuthenticators: true}
Session ID: 50054cf5117ebe92b0a1bc5c81e200b4
	at tests.login.FacebookLoginTest.testLoginWithValidEmailAndInValidPassword(FacebookLoginTest.java:41)

tests.login.FacebookLoginTest.testLoginWithValidEmailAndPassword  Time elapsed: 5.264 s  <<< FAILURE!
java.lang.AssertionError: expected [https://www.facebook.com/home.php] but found [https://www.facebook.com/login]
	at tests.login.FacebookLoginTest.testLoginWithValidEmailAndPassword(FacebookLoginTest.java:27)

tests.registration.FacebookRegistrationTest.testEmptyLastNameValidationAppear  Time elapsed: 31.126 s  <<< FAILURE!
org.openqa.selenium.TimeoutException: Expected condition failed: waiting for presence of element located by: By.xpath: //*[contains(text(),"Ahmed")] (tried for 30 second(s) with 500 milliseconds interval)
	at tests.registration.FacebookRegistrationTest.testEmptyLastNameValidationAppear(FacebookRegistrationTest.java:58)
Caused by: org.openqa.selenium.NoSuchElementException: 
no such element: Unable to locate element: {"method":"xpath","selector":"//*[contains(text(),"Ahmed")]"}
  (Session info: chrome=104.0.5112.79)
For documentation on this error, please visit: https://www.selenium.dev/documentation/webdriver/troubleshooting/errors#no-such-element-exception
Build info: version: '4.11.0', revision: '040bc5406b'
System info: os.name: 'Linux', os.arch: 'amd64', os.version: '5.19.0-38-generic', java.version: '11.0.18'
Driver info: org.openqa.selenium.chrome.ChromeDriver
Command: [f70f65f88f777db45c9ae1053e731a15, findElement {using=xpath, value=//*[contains(text(),"Ahmed")]}]
Capabilities {acceptInsecureCerts: false, browserName: chrome, browserVersion: 104.0.5112.79, chrome: {chromedriverVersion: 104.0.5112.79 (3cf3e8c8a07d..., userDataDir: /tmp/.com.google.Chrome.FAqZsh}, goog:chromeOptions: {debuggerAddress: localhost:39089}, networkConnectionEnabled: false, pageLoadStrategy: normal, platformName: linux, proxy: Proxy(), se:cdp: ws://localhost:39089/devtoo..., se:cdpVersion: 104.0.5112.79, setWindowRect: true, strictFileInteractability: false, timeouts: {implicit: 0, pageLoad: 300000, script: 30000}, unhandledPromptBehavior: dismiss and notify, webauthn:extension:credBlob: true, webauthn:extension:largeBlob: true, webauthn:virtualAuthenticators: true}
Session ID: f70f65f88f777db45c9ae1053e731a15
	at tests.registration.FacebookRegistrationTest.testEmptyLastNameValidationAppear(FacebookRegistrationTest.java:58)

tests.registration.FacebookRegistrationTest.testRegistrationWithCustomGender  Time elapsed: 33.234 s  <<< FAILURE!
org.openqa.selenium.TimeoutException: Expected condition failed: waiting for presence of element located by: By.xpath: //*[contains(text(),"Enter the code from your email")] (tried for 30 second(s) with 500 milliseconds interval)
	at tests.registration.FacebookRegistrationTest.testRegistrationWithCustomGender(FacebookRegistrationTest.java:41)
Caused by: org.openqa.selenium.NoSuchElementException: 
no such element: Unable to locate element: {"method":"xpath","selector":"//*[contains(text(),"Enter the code from your email")]"}
  (Session info: chrome=104.0.5112.79)
For documentation on this error, please visit: https://www.selenium.dev/documentation/webdriver/troubleshooting/errors#no-such-element-exception
Build info: version: '4.11.0', revision: '040bc5406b'
System info: os.name: 'Linux', os.arch: 'amd64', os.version: '5.19.0-38-generic', java.version: '11.0.18'
Driver info: org.openqa.selenium.chrome.ChromeDriver
Command: [96418094698a01bf9d7ce5118a25b30b, findElement {using=xpath, value=//*[contains(text(),"Enter the code from your email")]}]
Capabilities {acceptInsecureCerts: false, browserName: chrome, browserVersion: 104.0.5112.79, chrome: {chromedriverVersion: 104.0.5112.79 (3cf3e8c8a07d..., userDataDir: /tmp/.com.google.Chrome.dxOl1J}, goog:chromeOptions: {debuggerAddress: localhost:33253}, networkConnectionEnabled: false, pageLoadStrategy: normal, platformName: linux, proxy: Proxy(), se:cdp: ws://localhost:33253/devtoo..., se:cdpVersion: 104.0.5112.79, setWindowRect: true, strictFileInteractability: false, timeouts: {implicit: 0, pageLoad: 300000, script: 30000}, unhandledPromptBehavior: dismiss and notify, webauthn:extension:credBlob: true, webauthn:extension:largeBlob: true, webauthn:virtualAuthenticators: true}
Session ID: 96418094698a01bf9d7ce5118a25b30b
	at tests.registration.FacebookRegistrationTest.testRegistrationWithCustomGender(FacebookRegistrationTest.java:41)

tests.registration.FacebookRegistrationTest.testRegistrationWithValidData  Time elapsed: 32.313 s  <<< FAILURE!
org.openqa.selenium.TimeoutException: Expected condition failed: waiting for presence of element located by: By.xpath: //*[contains(text(),"Enter the code from your email")] (tried for 30 second(s) with 500 milliseconds interval)
	at tests.registration.FacebookRegistrationTest.testRegistrationWithValidData(FacebookRegistrationTest.java:31)
Caused by: org.openqa.selenium.NoSuchElementException: 
no such element: Unable to locate element: {"method":"xpath","selector":"//*[contains(text(),"Enter the code from your email")]"}
  (Session info: chrome=104.0.5112.79)
For documentation on this error, please visit: https://www.selenium.dev/documentation/webdriver/troubleshooting/errors#no-such-element-exception
Build info: version: '4.11.0', revision: '040bc5406b'
System info: os.name: 'Linux', os.arch: 'amd64', os.version: '5.19.0-38-generic', java.version: '11.0.18'
Driver info: org.openqa.selenium.chrome.ChromeDriver
Command: [9af04381d63fca00efc445048d8075e5, findElement {using=xpath, value=//*[contains(text(),"Enter the code from your email")]}]
Capabilities {acceptInsecureCerts: false, browserName: chrome, browserVersion: 104.0.5112.79, chrome: {chromedriverVersion: 104.0.5112.79 (3cf3e8c8a07d..., userDataDir: /tmp/.com.google.Chrome.dYxaOf}, goog:chromeOptions: {debuggerAddress: localhost:33779}, networkConnectionEnabled: false, pageLoadStrategy: normal, platformName: linux, proxy: Proxy(), se:cdp: ws://localhost:33779/devtoo..., se:cdpVersion: 104.0.5112.79, setWindowRect: true, strictFileInteractability: false, timeouts: {implicit: 0, pageLoad: 300000, script: 30000}, unhandledPromptBehavior: dismiss and notify, webauthn:extension:credBlob: true, webauthn:extension:largeBlob: true, webauthn:virtualAuthenticators: true}
Session ID: 9af04381d63fca00efc445048d8075e5
	at tests.registration.FacebookRegistrationTest.testRegistrationWithValidData(FacebookRegistrationTest.java:31)

